I2025-11-20T00:07:22.272224:blink/blinkenlights.c:3286:138044 Tui
I2025-11-20T00:07:22.272626:blink/blinkenlights.c:953:138044 loaded program uppercase
000000400000-000000400fff  4096 100% r   uppercase
000000401000-000000401fff  4096 100% rx  uppercase
000000402000-000000402fff  4096   0% rw  
4fffff800000-4fffffffffff 8192k   1% rwx [stack]
I2025-11-20T00:07:22.272739:blink/blinkenlights.c:773:138044 TuiRejuvinate
I2025-11-20T00:07:28.569901:blink/blinkenlights.c:3092:138044 ReadKeyboard interrupted
I2025-11-20T00:07:33.313813:blink/blinkenlights.c:3092:138044 ReadKeyboard interrupted
I2025-11-20T00:07:35.273870:blink/blinkenlights.c:3092:138044 ReadKeyboard interrupted
I2025-11-20T00:07:36.657816:blink/blinkenlights.c:3092:138044 ReadKeyboard interrupted
I2025-11-20T00:07:41.665901:blink/blinkenlights.c:3092:138044 ReadKeyboard interrupted
I2025-11-20T00:07:42.745776:blink/blinkenlights.c:3092:138044 ReadKeyboard interrupted
I2025-11-20T00:07:46.185867:blink/blinkenlights.c:3092:138044 ReadKeyboard interrupted
I2025-11-20T00:07:48.233874:blink/blinkenlights.c:3092:138044 ReadKeyboard interrupted
I2025-11-20T00:07:49.385977:blink/blinkenlights.c:3092:138044 ReadKeyboard interrupted
I2025-11-20T00:07:52.937893:blink/blinkenlights.c:3092:138044 ReadKeyboard interrupted
I2025-11-20T00:07:59.697280:blink/blinkenlights.c:3092:138044 ReadKeyboard interrupted
I2025-11-20T00:08:01.089865:blink/blinkenlights.c:3092:138044 ReadKeyboard interrupted
I2025-11-20T00:08:15.569881:blink/blinkenlights.c:3092:138044 ReadKeyboard interrupted
I2025-11-20T00:08:17.009973:blink/blinkenlights.c:3092:138044 ReadKeyboard interrupted
I2025-11-20T00:08:18.201731:blink/blinkenlights.c:3092:138044 ReadKeyboard interrupted
I2025-11-20T00:08:23.641890:blink/blinkenlights.c:3092:138044 ReadKeyboard interrupted
I2025-11-20T00:08:29.345900:blink/blinkenlights.c:3092:138044 ReadKeyboard interrupted
I2025-11-20T00:08:34.073689:blink/blinkenlights.c:3092:138044 ReadKeyboard interrupted
I2025-11-20T00:08:37.649954:blink/blinkenlights.c:3092:138044 ReadKeyboard interrupted
I2025-11-20T00:08:44.721528:blink/blinkenlights.c:3092:138044 ReadKeyboard interrupted
I2025-11-20T00:08:47.417802:blink/blinkenlights.c:3092:138044 ReadKeyboard interrupted
I2025-11-20T00:08:58.497750:blink/blinkenlights.c:3092:138044 ReadKeyboard interrupted
I2025-11-20T00:09:01.521703:blink/blinkenlights.c:3092:138044 ReadKeyboard interrupted
I2025-11-20T00:09:09.545813:blink/blinkenlights.c:3092:138044 ReadKeyboard interrupted
I2025-11-20T00:09:18.265437:blink/blinkenlights.c:3365:138044 TUI EXIT
I2025-11-20T00:09:18.265488:blink/blinkenlights.c:842:138044 TuiCleanup
I2025-11-20T00:09:18.265501:blink/blinkenlights.c:834:138044 TtyRestore
I2025-11-20T00:09:18.267591:blink/blinkenlights.c:834:0 TtyRestore
